[2026-03-30T03:52:21.276+0000] {processor.py:161} INFO - Started process (PID=55) to work on /opt/airflow/dags/pipeline-weather-data.py
[2026-03-30T03:52:21.278+0000] {processor.py:830} INFO - Processing file /opt/airflow/dags/pipeline-weather-data.py for tasks to queue
[2026-03-30T03:52:21.282+0000] {logging_mixin.py:188} INFO - [2026-03-30T03:52:21.281+0000] {dagbag.py:538} INFO - Filling up the DagBag from /opt/airflow/dags/pipeline-weather-data.py
[2026-03-30T03:52:24.568+0000] {logging_mixin.py:188} INFO - [2026-03-30T03:52:24.565+0000] {dagbag.py:348} ERROR - Failed to import: /opt/airflow/dags/pipeline-weather-data.py
Traceback (most recent call last):
  File "/home/airflow/.local/lib/python3.8/site-packages/airflow/models/dagbag.py", line 344, in parse
    loader.exec_module(new_module)
  File "<frozen importlib._bootstrap_external>", line 843, in exec_module
  File "<frozen importlib._bootstrap>", line 219, in _call_with_frames_removed
  File "/opt/airflow/dags/pipeline-weather-data.py", line 270, in <module>
    num_batches = int(Variable.get(f"{weather_data_type_extraction}_num_batches"))
  File "/home/airflow/.local/lib/python3.8/site-packages/airflow/models/variable.py", line 143, in get
    raise KeyError(f"Variable {key} does not exist")
KeyError: 'Variable actual_num_batches does not exist'
[2026-03-30T03:52:24.568+0000] {processor.py:842} WARNING - No viable dags retrieved from /opt/airflow/dags/pipeline-weather-data.py
[2026-03-30T03:52:24.582+0000] {processor.py:183} INFO - Processing /opt/airflow/dags/pipeline-weather-data.py took 3.313 seconds
[2026-03-30T03:52:54.846+0000] {processor.py:161} INFO - Started process (PID=63) to work on /opt/airflow/dags/pipeline-weather-data.py
[2026-03-30T03:52:54.848+0000] {processor.py:830} INFO - Processing file /opt/airflow/dags/pipeline-weather-data.py for tasks to queue
[2026-03-30T03:52:54.852+0000] {logging_mixin.py:188} INFO - [2026-03-30T03:52:54.852+0000] {dagbag.py:538} INFO - Filling up the DagBag from /opt/airflow/dags/pipeline-weather-data.py
[2026-03-30T03:52:55.524+0000] {logging_mixin.py:188} INFO - [2026-03-30T03:52:55.522+0000] {dagbag.py:348} ERROR - Failed to import: /opt/airflow/dags/pipeline-weather-data.py
Traceback (most recent call last):
  File "/home/airflow/.local/lib/python3.8/site-packages/airflow/models/dagbag.py", line 344, in parse
    loader.exec_module(new_module)
  File "<frozen importlib._bootstrap_external>", line 843, in exec_module
  File "<frozen importlib._bootstrap>", line 219, in _call_with_frames_removed
  File "/opt/airflow/dags/pipeline-weather-data.py", line 270, in <module>
    num_batches = int(Variable.get(f"{weather_data_type_extraction}_num_batches"))
  File "/home/airflow/.local/lib/python3.8/site-packages/airflow/models/variable.py", line 143, in get
    raise KeyError(f"Variable {key} does not exist")
KeyError: 'Variable actual_num_batches does not exist'
[2026-03-30T03:52:55.524+0000] {processor.py:842} WARNING - No viable dags retrieved from /opt/airflow/dags/pipeline-weather-data.py
[2026-03-30T03:52:55.532+0000] {processor.py:183} INFO - Processing /opt/airflow/dags/pipeline-weather-data.py took 0.699 seconds
[2026-03-30T03:53:25.810+0000] {processor.py:161} INFO - Started process (PID=77) to work on /opt/airflow/dags/pipeline-weather-data.py
[2026-03-30T03:53:25.811+0000] {processor.py:830} INFO - Processing file /opt/airflow/dags/pipeline-weather-data.py for tasks to queue
[2026-03-30T03:53:25.815+0000] {logging_mixin.py:188} INFO - [2026-03-30T03:53:25.814+0000] {dagbag.py:538} INFO - Filling up the DagBag from /opt/airflow/dags/pipeline-weather-data.py
[2026-03-30T03:53:26.543+0000] {logging_mixin.py:188} INFO - [2026-03-30T03:53:26.542+0000] {dagbag.py:348} ERROR - Failed to import: /opt/airflow/dags/pipeline-weather-data.py
Traceback (most recent call last):
  File "/home/airflow/.local/lib/python3.8/site-packages/airflow/models/dagbag.py", line 344, in parse
    loader.exec_module(new_module)
  File "<frozen importlib._bootstrap_external>", line 843, in exec_module
  File "<frozen importlib._bootstrap>", line 219, in _call_with_frames_removed
  File "/opt/airflow/dags/pipeline-weather-data.py", line 270, in <module>
    num_batches = int(Variable.get(f"{weather_data_type_extraction}_num_batches"))
  File "/home/airflow/.local/lib/python3.8/site-packages/airflow/models/variable.py", line 143, in get
    raise KeyError(f"Variable {key} does not exist")
KeyError: 'Variable actual_num_batches does not exist'
[2026-03-30T03:53:26.544+0000] {processor.py:842} WARNING - No viable dags retrieved from /opt/airflow/dags/pipeline-weather-data.py
[2026-03-30T03:53:26.551+0000] {processor.py:183} INFO - Processing /opt/airflow/dags/pipeline-weather-data.py took 0.745 seconds
[2026-03-30T03:53:56.858+0000] {processor.py:161} INFO - Started process (PID=85) to work on /opt/airflow/dags/pipeline-weather-data.py
[2026-03-30T03:53:56.860+0000] {processor.py:830} INFO - Processing file /opt/airflow/dags/pipeline-weather-data.py for tasks to queue
[2026-03-30T03:53:56.864+0000] {logging_mixin.py:188} INFO - [2026-03-30T03:53:56.864+0000] {dagbag.py:538} INFO - Filling up the DagBag from /opt/airflow/dags/pipeline-weather-data.py
[2026-03-30T03:53:57.438+0000] {logging_mixin.py:188} INFO - [2026-03-30T03:53:57.436+0000] {dagbag.py:348} ERROR - Failed to import: /opt/airflow/dags/pipeline-weather-data.py
Traceback (most recent call last):
  File "/home/airflow/.local/lib/python3.8/site-packages/airflow/models/dagbag.py", line 344, in parse
    loader.exec_module(new_module)
  File "<frozen importlib._bootstrap_external>", line 843, in exec_module
  File "<frozen importlib._bootstrap>", line 219, in _call_with_frames_removed
  File "/opt/airflow/dags/pipeline-weather-data.py", line 270, in <module>
    num_batches = int(Variable.get(f"{weather_data_type_extraction}_num_batches"))
  File "/home/airflow/.local/lib/python3.8/site-packages/airflow/models/variable.py", line 143, in get
    raise KeyError(f"Variable {key} does not exist")
KeyError: 'Variable actual_num_batches does not exist'
[2026-03-30T03:53:57.439+0000] {processor.py:842} WARNING - No viable dags retrieved from /opt/airflow/dags/pipeline-weather-data.py
[2026-03-30T03:53:57.447+0000] {processor.py:183} INFO - Processing /opt/airflow/dags/pipeline-weather-data.py took 0.595 seconds
[2026-03-30T03:54:27.744+0000] {processor.py:161} INFO - Started process (PID=93) to work on /opt/airflow/dags/pipeline-weather-data.py
[2026-03-30T03:54:27.746+0000] {processor.py:830} INFO - Processing file /opt/airflow/dags/pipeline-weather-data.py for tasks to queue
[2026-03-30T03:54:27.750+0000] {logging_mixin.py:188} INFO - [2026-03-30T03:54:27.750+0000] {dagbag.py:538} INFO - Filling up the DagBag from /opt/airflow/dags/pipeline-weather-data.py
[2026-03-30T03:54:28.312+0000] {logging_mixin.py:188} INFO - [2026-03-30T03:54:28.311+0000] {dagbag.py:348} ERROR - Failed to import: /opt/airflow/dags/pipeline-weather-data.py
Traceback (most recent call last):
  File "/home/airflow/.local/lib/python3.8/site-packages/airflow/models/dagbag.py", line 344, in parse
    loader.exec_module(new_module)
  File "<frozen importlib._bootstrap_external>", line 843, in exec_module
  File "<frozen importlib._bootstrap>", line 219, in _call_with_frames_removed
  File "/opt/airflow/dags/pipeline-weather-data.py", line 270, in <module>
    num_batches = int(Variable.get(f"{weather_data_type_extraction}_num_batches"))
  File "/home/airflow/.local/lib/python3.8/site-packages/airflow/models/variable.py", line 143, in get
    raise KeyError(f"Variable {key} does not exist")
KeyError: 'Variable actual_num_batches does not exist'
[2026-03-30T03:54:28.312+0000] {processor.py:842} WARNING - No viable dags retrieved from /opt/airflow/dags/pipeline-weather-data.py
[2026-03-30T03:54:28.318+0000] {processor.py:183} INFO - Processing /opt/airflow/dags/pipeline-weather-data.py took 0.580 seconds
[2026-03-30T03:54:58.573+0000] {processor.py:161} INFO - Started process (PID=101) to work on /opt/airflow/dags/pipeline-weather-data.py
[2026-03-30T03:54:58.574+0000] {processor.py:830} INFO - Processing file /opt/airflow/dags/pipeline-weather-data.py for tasks to queue
[2026-03-30T03:54:58.577+0000] {logging_mixin.py:188} INFO - [2026-03-30T03:54:58.577+0000] {dagbag.py:538} INFO - Filling up the DagBag from /opt/airflow/dags/pipeline-weather-data.py
[2026-03-30T03:54:59.160+0000] {logging_mixin.py:188} INFO - [2026-03-30T03:54:59.158+0000] {dagbag.py:348} ERROR - Failed to import: /opt/airflow/dags/pipeline-weather-data.py
Traceback (most recent call last):
  File "/home/airflow/.local/lib/python3.8/site-packages/airflow/models/dagbag.py", line 344, in parse
    loader.exec_module(new_module)
  File "<frozen importlib._bootstrap_external>", line 843, in exec_module
  File "<frozen importlib._bootstrap>", line 219, in _call_with_frames_removed
  File "/opt/airflow/dags/pipeline-weather-data.py", line 270, in <module>
    num_batches = int(Variable.get(f"{weather_data_type_extraction}_num_batches"))
  File "/home/airflow/.local/lib/python3.8/site-packages/airflow/models/variable.py", line 143, in get
    raise KeyError(f"Variable {key} does not exist")
KeyError: 'Variable actual_num_batches does not exist'
[2026-03-30T03:54:59.160+0000] {processor.py:842} WARNING - No viable dags retrieved from /opt/airflow/dags/pipeline-weather-data.py
[2026-03-30T03:54:59.166+0000] {processor.py:183} INFO - Processing /opt/airflow/dags/pipeline-weather-data.py took 0.597 seconds
[2026-03-30T03:55:29.462+0000] {processor.py:161} INFO - Started process (PID=109) to work on /opt/airflow/dags/pipeline-weather-data.py
[2026-03-30T03:55:29.462+0000] {processor.py:830} INFO - Processing file /opt/airflow/dags/pipeline-weather-data.py for tasks to queue
[2026-03-30T03:55:29.466+0000] {logging_mixin.py:188} INFO - [2026-03-30T03:55:29.466+0000] {dagbag.py:538} INFO - Filling up the DagBag from /opt/airflow/dags/pipeline-weather-data.py
[2026-03-30T03:55:29.904+0000] {logging_mixin.py:188} INFO - [2026-03-30T03:55:29.903+0000] {dagbag.py:348} ERROR - Failed to import: /opt/airflow/dags/pipeline-weather-data.py
Traceback (most recent call last):
  File "/home/airflow/.local/lib/python3.8/site-packages/airflow/models/dagbag.py", line 344, in parse
    loader.exec_module(new_module)
  File "<frozen importlib._bootstrap_external>", line 843, in exec_module
  File "<frozen importlib._bootstrap>", line 219, in _call_with_frames_removed
  File "/opt/airflow/dags/pipeline-weather-data.py", line 270, in <module>
    num_batches = int(Variable.get(f"{weather_data_type_extraction}_num_batches"))
  File "/home/airflow/.local/lib/python3.8/site-packages/airflow/models/variable.py", line 143, in get
    raise KeyError(f"Variable {key} does not exist")
KeyError: 'Variable actual_num_batches does not exist'
[2026-03-30T03:55:29.904+0000] {processor.py:842} WARNING - No viable dags retrieved from /opt/airflow/dags/pipeline-weather-data.py
[2026-03-30T03:55:29.911+0000] {processor.py:183} INFO - Processing /opt/airflow/dags/pipeline-weather-data.py took 0.455 seconds
[2026-03-30T03:56:00.118+0000] {processor.py:161} INFO - Started process (PID=117) to work on /opt/airflow/dags/pipeline-weather-data.py
[2026-03-30T03:56:00.119+0000] {processor.py:830} INFO - Processing file /opt/airflow/dags/pipeline-weather-data.py for tasks to queue
[2026-03-30T03:56:00.121+0000] {logging_mixin.py:188} INFO - [2026-03-30T03:56:00.121+0000] {dagbag.py:538} INFO - Filling up the DagBag from /opt/airflow/dags/pipeline-weather-data.py
[2026-03-30T03:56:00.675+0000] {logging_mixin.py:188} INFO - [2026-03-30T03:56:00.673+0000] {dagbag.py:348} ERROR - Failed to import: /opt/airflow/dags/pipeline-weather-data.py
Traceback (most recent call last):
  File "/home/airflow/.local/lib/python3.8/site-packages/airflow/models/dagbag.py", line 344, in parse
    loader.exec_module(new_module)
  File "<frozen importlib._bootstrap_external>", line 843, in exec_module
  File "<frozen importlib._bootstrap>", line 219, in _call_with_frames_removed
  File "/opt/airflow/dags/pipeline-weather-data.py", line 270, in <module>
    num_batches = int(Variable.get(f"{weather_data_type_extraction}_num_batches"))
  File "/home/airflow/.local/lib/python3.8/site-packages/airflow/models/variable.py", line 143, in get
    raise KeyError(f"Variable {key} does not exist")
KeyError: 'Variable actual_num_batches does not exist'
[2026-03-30T03:56:00.675+0000] {processor.py:842} WARNING - No viable dags retrieved from /opt/airflow/dags/pipeline-weather-data.py
[2026-03-30T03:56:00.681+0000] {processor.py:183} INFO - Processing /opt/airflow/dags/pipeline-weather-data.py took 0.567 seconds
[2026-03-30T03:56:30.965+0000] {processor.py:161} INFO - Started process (PID=125) to work on /opt/airflow/dags/pipeline-weather-data.py
[2026-03-30T03:56:30.966+0000] {processor.py:830} INFO - Processing file /opt/airflow/dags/pipeline-weather-data.py for tasks to queue
[2026-03-30T03:56:30.970+0000] {logging_mixin.py:188} INFO - [2026-03-30T03:56:30.969+0000] {dagbag.py:538} INFO - Filling up the DagBag from /opt/airflow/dags/pipeline-weather-data.py
[2026-03-30T03:56:31.498+0000] {logging_mixin.py:188} INFO - [2026-03-30T03:56:31.497+0000] {dagbag.py:348} ERROR - Failed to import: /opt/airflow/dags/pipeline-weather-data.py
Traceback (most recent call last):
  File "/home/airflow/.local/lib/python3.8/site-packages/airflow/models/dagbag.py", line 344, in parse
    loader.exec_module(new_module)
  File "<frozen importlib._bootstrap_external>", line 843, in exec_module
  File "<frozen importlib._bootstrap>", line 219, in _call_with_frames_removed
  File "/opt/airflow/dags/pipeline-weather-data.py", line 270, in <module>
    num_batches = int(Variable.get(f"{weather_data_type_extraction}_num_batches"))
  File "/home/airflow/.local/lib/python3.8/site-packages/airflow/models/variable.py", line 143, in get
    raise KeyError(f"Variable {key} does not exist")
KeyError: 'Variable actual_num_batches does not exist'
[2026-03-30T03:56:31.499+0000] {processor.py:842} WARNING - No viable dags retrieved from /opt/airflow/dags/pipeline-weather-data.py
[2026-03-30T03:56:31.504+0000] {processor.py:183} INFO - Processing /opt/airflow/dags/pipeline-weather-data.py took 0.544 seconds
[2026-03-30T03:57:01.674+0000] {processor.py:161} INFO - Started process (PID=133) to work on /opt/airflow/dags/pipeline-weather-data.py
[2026-03-30T03:57:01.674+0000] {processor.py:830} INFO - Processing file /opt/airflow/dags/pipeline-weather-data.py for tasks to queue
[2026-03-30T03:57:01.676+0000] {logging_mixin.py:188} INFO - [2026-03-30T03:57:01.676+0000] {dagbag.py:538} INFO - Filling up the DagBag from /opt/airflow/dags/pipeline-weather-data.py
[2026-03-30T03:57:02.106+0000] {logging_mixin.py:188} INFO - [2026-03-30T03:57:02.104+0000] {dagbag.py:348} ERROR - Failed to import: /opt/airflow/dags/pipeline-weather-data.py
Traceback (most recent call last):
  File "/home/airflow/.local/lib/python3.8/site-packages/airflow/models/dagbag.py", line 344, in parse
    loader.exec_module(new_module)
  File "<frozen importlib._bootstrap_external>", line 843, in exec_module
  File "<frozen importlib._bootstrap>", line 219, in _call_with_frames_removed
  File "/opt/airflow/dags/pipeline-weather-data.py", line 270, in <module>
    num_batches = int(Variable.get(f"{weather_data_type_extraction}_num_batches"))
  File "/home/airflow/.local/lib/python3.8/site-packages/airflow/models/variable.py", line 143, in get
    raise KeyError(f"Variable {key} does not exist")
KeyError: 'Variable actual_num_batches does not exist'
[2026-03-30T03:57:02.106+0000] {processor.py:842} WARNING - No viable dags retrieved from /opt/airflow/dags/pipeline-weather-data.py
[2026-03-30T03:57:02.111+0000] {processor.py:183} INFO - Processing /opt/airflow/dags/pipeline-weather-data.py took 0.442 seconds
[2026-03-30T03:57:32.384+0000] {processor.py:161} INFO - Started process (PID=141) to work on /opt/airflow/dags/pipeline-weather-data.py
[2026-03-30T03:57:32.385+0000] {processor.py:830} INFO - Processing file /opt/airflow/dags/pipeline-weather-data.py for tasks to queue
[2026-03-30T03:57:32.396+0000] {logging_mixin.py:188} INFO - [2026-03-30T03:57:32.396+0000] {dagbag.py:538} INFO - Filling up the DagBag from /opt/airflow/dags/pipeline-weather-data.py
[2026-03-30T03:57:33.073+0000] {logging_mixin.py:188} INFO - [2026-03-30T03:57:33.071+0000] {dagbag.py:348} ERROR - Failed to import: /opt/airflow/dags/pipeline-weather-data.py
Traceback (most recent call last):
  File "/home/airflow/.local/lib/python3.8/site-packages/airflow/models/dagbag.py", line 344, in parse
    loader.exec_module(new_module)
  File "<frozen importlib._bootstrap_external>", line 843, in exec_module
  File "<frozen importlib._bootstrap>", line 219, in _call_with_frames_removed
  File "/opt/airflow/dags/pipeline-weather-data.py", line 270, in <module>
    num_batches = int(Variable.get(f"{weather_data_type_extraction}_num_batches"))
  File "/home/airflow/.local/lib/python3.8/site-packages/airflow/models/variable.py", line 143, in get
    raise KeyError(f"Variable {key} does not exist")
KeyError: 'Variable actual_num_batches does not exist'
[2026-03-30T03:57:33.073+0000] {processor.py:842} WARNING - No viable dags retrieved from /opt/airflow/dags/pipeline-weather-data.py
[2026-03-30T03:57:33.080+0000] {processor.py:183} INFO - Processing /opt/airflow/dags/pipeline-weather-data.py took 0.701 seconds
[2026-03-30T03:58:03.250+0000] {processor.py:161} INFO - Started process (PID=149) to work on /opt/airflow/dags/pipeline-weather-data.py
[2026-03-30T03:58:03.251+0000] {processor.py:830} INFO - Processing file /opt/airflow/dags/pipeline-weather-data.py for tasks to queue
[2026-03-30T03:58:03.252+0000] {logging_mixin.py:188} INFO - [2026-03-30T03:58:03.252+0000] {dagbag.py:538} INFO - Filling up the DagBag from /opt/airflow/dags/pipeline-weather-data.py
[2026-03-30T03:58:03.685+0000] {logging_mixin.py:188} INFO - [2026-03-30T03:58:03.683+0000] {dagbag.py:348} ERROR - Failed to import: /opt/airflow/dags/pipeline-weather-data.py
Traceback (most recent call last):
  File "/home/airflow/.local/lib/python3.8/site-packages/airflow/models/dagbag.py", line 344, in parse
    loader.exec_module(new_module)
  File "<frozen importlib._bootstrap_external>", line 843, in exec_module
  File "<frozen importlib._bootstrap>", line 219, in _call_with_frames_removed
  File "/opt/airflow/dags/pipeline-weather-data.py", line 270, in <module>
    num_batches = int(Variable.get(f"{weather_data_type_extraction}_num_batches"))
  File "/home/airflow/.local/lib/python3.8/site-packages/airflow/models/variable.py", line 143, in get
    raise KeyError(f"Variable {key} does not exist")
KeyError: 'Variable actual_num_batches does not exist'
[2026-03-30T03:58:03.685+0000] {processor.py:842} WARNING - No viable dags retrieved from /opt/airflow/dags/pipeline-weather-data.py
[2026-03-30T03:58:03.691+0000] {processor.py:183} INFO - Processing /opt/airflow/dags/pipeline-weather-data.py took 0.445 seconds
[2026-03-30T03:58:33.963+0000] {processor.py:161} INFO - Started process (PID=157) to work on /opt/airflow/dags/pipeline-weather-data.py
[2026-03-30T03:58:33.965+0000] {processor.py:830} INFO - Processing file /opt/airflow/dags/pipeline-weather-data.py for tasks to queue
[2026-03-30T03:58:33.969+0000] {logging_mixin.py:188} INFO - [2026-03-30T03:58:33.969+0000] {dagbag.py:538} INFO - Filling up the DagBag from /opt/airflow/dags/pipeline-weather-data.py
[2026-03-30T03:58:34.661+0000] {logging_mixin.py:188} INFO - [2026-03-30T03:58:34.660+0000] {dagbag.py:348} ERROR - Failed to import: /opt/airflow/dags/pipeline-weather-data.py
Traceback (most recent call last):
  File "/home/airflow/.local/lib/python3.8/site-packages/airflow/models/dagbag.py", line 344, in parse
    loader.exec_module(new_module)
  File "<frozen importlib._bootstrap_external>", line 843, in exec_module
  File "<frozen importlib._bootstrap>", line 219, in _call_with_frames_removed
  File "/opt/airflow/dags/pipeline-weather-data.py", line 270, in <module>
    num_batches = int(Variable.get(f"{weather_data_type_extraction}_num_batches"))
  File "/home/airflow/.local/lib/python3.8/site-packages/airflow/models/variable.py", line 143, in get
    raise KeyError(f"Variable {key} does not exist")
KeyError: 'Variable actual_num_batches does not exist'
[2026-03-30T03:58:34.662+0000] {processor.py:842} WARNING - No viable dags retrieved from /opt/airflow/dags/pipeline-weather-data.py
[2026-03-30T03:58:34.668+0000] {processor.py:183} INFO - Processing /opt/airflow/dags/pipeline-weather-data.py took 0.710 seconds
[2026-03-30T03:59:04.765+0000] {processor.py:161} INFO - Started process (PID=165) to work on /opt/airflow/dags/pipeline-weather-data.py
[2026-03-30T03:59:04.766+0000] {processor.py:830} INFO - Processing file /opt/airflow/dags/pipeline-weather-data.py for tasks to queue
[2026-03-30T03:59:04.768+0000] {logging_mixin.py:188} INFO - [2026-03-30T03:59:04.768+0000] {dagbag.py:538} INFO - Filling up the DagBag from /opt/airflow/dags/pipeline-weather-data.py
[2026-03-30T03:59:05.180+0000] {logging_mixin.py:188} INFO - [2026-03-30T03:59:05.179+0000] {dagbag.py:348} ERROR - Failed to import: /opt/airflow/dags/pipeline-weather-data.py
Traceback (most recent call last):
  File "/home/airflow/.local/lib/python3.8/site-packages/airflow/models/dagbag.py", line 344, in parse
    loader.exec_module(new_module)
  File "<frozen importlib._bootstrap_external>", line 843, in exec_module
  File "<frozen importlib._bootstrap>", line 219, in _call_with_frames_removed
  File "/opt/airflow/dags/pipeline-weather-data.py", line 270, in <module>
    num_batches = int(Variable.get(f"{weather_data_type_extraction}_num_batches"))
  File "/home/airflow/.local/lib/python3.8/site-packages/airflow/models/variable.py", line 143, in get
    raise KeyError(f"Variable {key} does not exist")
KeyError: 'Variable actual_num_batches does not exist'
[2026-03-30T03:59:05.180+0000] {processor.py:842} WARNING - No viable dags retrieved from /opt/airflow/dags/pipeline-weather-data.py
[2026-03-30T03:59:05.185+0000] {processor.py:183} INFO - Processing /opt/airflow/dags/pipeline-weather-data.py took 0.424 seconds
[2026-03-30T03:59:35.444+0000] {processor.py:161} INFO - Started process (PID=173) to work on /opt/airflow/dags/pipeline-weather-data.py
[2026-03-30T03:59:35.445+0000] {processor.py:830} INFO - Processing file /opt/airflow/dags/pipeline-weather-data.py for tasks to queue
[2026-03-30T03:59:35.448+0000] {logging_mixin.py:188} INFO - [2026-03-30T03:59:35.448+0000] {dagbag.py:538} INFO - Filling up the DagBag from /opt/airflow/dags/pipeline-weather-data.py
[2026-03-30T03:59:36.138+0000] {logging_mixin.py:188} INFO - [2026-03-30T03:59:36.136+0000] {dagbag.py:348} ERROR - Failed to import: /opt/airflow/dags/pipeline-weather-data.py
Traceback (most recent call last):
  File "/home/airflow/.local/lib/python3.8/site-packages/airflow/models/dagbag.py", line 344, in parse
    loader.exec_module(new_module)
  File "<frozen importlib._bootstrap_external>", line 843, in exec_module
  File "<frozen importlib._bootstrap>", line 219, in _call_with_frames_removed
  File "/opt/airflow/dags/pipeline-weather-data.py", line 270, in <module>
    num_batches = int(Variable.get(f"{weather_data_type_extraction}_num_batches"))
  File "/home/airflow/.local/lib/python3.8/site-packages/airflow/models/variable.py", line 143, in get
    raise KeyError(f"Variable {key} does not exist")
KeyError: 'Variable actual_num_batches does not exist'
[2026-03-30T03:59:36.138+0000] {processor.py:842} WARNING - No viable dags retrieved from /opt/airflow/dags/pipeline-weather-data.py
[2026-03-30T03:59:36.145+0000] {processor.py:183} INFO - Processing /opt/airflow/dags/pipeline-weather-data.py took 0.709 seconds
[2026-03-30T04:00:06.430+0000] {processor.py:161} INFO - Started process (PID=181) to work on /opt/airflow/dags/pipeline-weather-data.py
[2026-03-30T04:00:06.432+0000] {processor.py:830} INFO - Processing file /opt/airflow/dags/pipeline-weather-data.py for tasks to queue
[2026-03-30T04:00:06.435+0000] {logging_mixin.py:188} INFO - [2026-03-30T04:00:06.435+0000] {dagbag.py:538} INFO - Filling up the DagBag from /opt/airflow/dags/pipeline-weather-data.py
[2026-03-30T04:00:07.145+0000] {logging_mixin.py:188} INFO - [2026-03-30T04:00:07.144+0000] {dagbag.py:348} ERROR - Failed to import: /opt/airflow/dags/pipeline-weather-data.py
Traceback (most recent call last):
  File "/home/airflow/.local/lib/python3.8/site-packages/airflow/models/dagbag.py", line 344, in parse
    loader.exec_module(new_module)
  File "<frozen importlib._bootstrap_external>", line 843, in exec_module
  File "<frozen importlib._bootstrap>", line 219, in _call_with_frames_removed
  File "/opt/airflow/dags/pipeline-weather-data.py", line 270, in <module>
    num_batches = int(Variable.get(f"{weather_data_type_extraction}_num_batches"))
  File "/home/airflow/.local/lib/python3.8/site-packages/airflow/models/variable.py", line 143, in get
    raise KeyError(f"Variable {key} does not exist")
KeyError: 'Variable actual_num_batches does not exist'
[2026-03-30T04:00:07.146+0000] {processor.py:842} WARNING - No viable dags retrieved from /opt/airflow/dags/pipeline-weather-data.py
[2026-03-30T04:00:07.152+0000] {processor.py:183} INFO - Processing /opt/airflow/dags/pipeline-weather-data.py took 0.727 seconds
[2026-03-30T04:00:37.468+0000] {processor.py:161} INFO - Started process (PID=189) to work on /opt/airflow/dags/pipeline-weather-data.py
[2026-03-30T04:00:37.470+0000] {processor.py:830} INFO - Processing file /opt/airflow/dags/pipeline-weather-data.py for tasks to queue
[2026-03-30T04:00:37.474+0000] {logging_mixin.py:188} INFO - [2026-03-30T04:00:37.474+0000] {dagbag.py:538} INFO - Filling up the DagBag from /opt/airflow/dags/pipeline-weather-data.py
[2026-03-30T04:00:38.231+0000] {logging_mixin.py:188} INFO - [2026-03-30T04:00:38.225+0000] {dagbag.py:348} ERROR - Failed to import: /opt/airflow/dags/pipeline-weather-data.py
Traceback (most recent call last):
  File "/home/airflow/.local/lib/python3.8/site-packages/airflow/models/dagbag.py", line 344, in parse
    loader.exec_module(new_module)
  File "<frozen importlib._bootstrap_external>", line 843, in exec_module
  File "<frozen importlib._bootstrap>", line 219, in _call_with_frames_removed
  File "/opt/airflow/dags/pipeline-weather-data.py", line 270, in <module>
    num_batches = int(Variable.get(f"{weather_data_type_extraction}_num_batches"))
  File "/home/airflow/.local/lib/python3.8/site-packages/airflow/models/variable.py", line 143, in get
    raise KeyError(f"Variable {key} does not exist")
KeyError: 'Variable actual_num_batches does not exist'
[2026-03-30T04:00:38.231+0000] {processor.py:842} WARNING - No viable dags retrieved from /opt/airflow/dags/pipeline-weather-data.py
[2026-03-30T04:00:38.243+0000] {processor.py:183} INFO - Processing /opt/airflow/dags/pipeline-weather-data.py took 0.780 seconds
[2026-03-30T04:01:08.562+0000] {processor.py:161} INFO - Started process (PID=197) to work on /opt/airflow/dags/pipeline-weather-data.py
[2026-03-30T04:01:08.564+0000] {processor.py:830} INFO - Processing file /opt/airflow/dags/pipeline-weather-data.py for tasks to queue
[2026-03-30T04:01:08.570+0000] {logging_mixin.py:188} INFO - [2026-03-30T04:01:08.570+0000] {dagbag.py:538} INFO - Filling up the DagBag from /opt/airflow/dags/pipeline-weather-data.py
[2026-03-30T04:01:09.217+0000] {logging_mixin.py:188} INFO - [2026-03-30T04:01:09.216+0000] {dagbag.py:348} ERROR - Failed to import: /opt/airflow/dags/pipeline-weather-data.py
Traceback (most recent call last):
  File "/home/airflow/.local/lib/python3.8/site-packages/airflow/models/dagbag.py", line 344, in parse
    loader.exec_module(new_module)
  File "<frozen importlib._bootstrap_external>", line 843, in exec_module
  File "<frozen importlib._bootstrap>", line 219, in _call_with_frames_removed
  File "/opt/airflow/dags/pipeline-weather-data.py", line 270, in <module>
    num_batches = int(Variable.get(f"{weather_data_type_extraction}_num_batches"))
  File "/home/airflow/.local/lib/python3.8/site-packages/airflow/models/variable.py", line 143, in get
    raise KeyError(f"Variable {key} does not exist")
KeyError: 'Variable actual_num_batches does not exist'
[2026-03-30T04:01:09.218+0000] {processor.py:842} WARNING - No viable dags retrieved from /opt/airflow/dags/pipeline-weather-data.py
[2026-03-30T04:01:09.224+0000] {processor.py:183} INFO - Processing /opt/airflow/dags/pipeline-weather-data.py took 0.667 seconds
[2026-03-30T04:01:39.519+0000] {processor.py:161} INFO - Started process (PID=205) to work on /opt/airflow/dags/pipeline-weather-data.py
[2026-03-30T04:01:39.521+0000] {processor.py:830} INFO - Processing file /opt/airflow/dags/pipeline-weather-data.py for tasks to queue
[2026-03-30T04:01:39.524+0000] {logging_mixin.py:188} INFO - [2026-03-30T04:01:39.524+0000] {dagbag.py:538} INFO - Filling up the DagBag from /opt/airflow/dags/pipeline-weather-data.py
[2026-03-30T04:01:40.127+0000] {logging_mixin.py:188} INFO - [2026-03-30T04:01:40.126+0000] {dagbag.py:348} ERROR - Failed to import: /opt/airflow/dags/pipeline-weather-data.py
Traceback (most recent call last):
  File "/home/airflow/.local/lib/python3.8/site-packages/airflow/models/dagbag.py", line 344, in parse
    loader.exec_module(new_module)
  File "<frozen importlib._bootstrap_external>", line 843, in exec_module
  File "<frozen importlib._bootstrap>", line 219, in _call_with_frames_removed
  File "/opt/airflow/dags/pipeline-weather-data.py", line 270, in <module>
    num_batches = int(Variable.get(f"{weather_data_type_extraction}_num_batches"))
  File "/home/airflow/.local/lib/python3.8/site-packages/airflow/models/variable.py", line 143, in get
    raise KeyError(f"Variable {key} does not exist")
KeyError: 'Variable actual_num_batches does not exist'
[2026-03-30T04:01:40.127+0000] {processor.py:842} WARNING - No viable dags retrieved from /opt/airflow/dags/pipeline-weather-data.py
[2026-03-30T04:01:40.133+0000] {processor.py:183} INFO - Processing /opt/airflow/dags/pipeline-weather-data.py took 0.619 seconds
[2026-03-30T04:02:10.432+0000] {processor.py:161} INFO - Started process (PID=212) to work on /opt/airflow/dags/pipeline-weather-data.py
[2026-03-30T04:02:10.435+0000] {processor.py:830} INFO - Processing file /opt/airflow/dags/pipeline-weather-data.py for tasks to queue
[2026-03-30T04:02:10.439+0000] {logging_mixin.py:188} INFO - [2026-03-30T04:02:10.439+0000] {dagbag.py:538} INFO - Filling up the DagBag from /opt/airflow/dags/pipeline-weather-data.py
[2026-03-30T04:02:11.216+0000] {logging_mixin.py:188} INFO - [2026-03-30T04:02:11.213+0000] {dagbag.py:348} ERROR - Failed to import: /opt/airflow/dags/pipeline-weather-data.py
Traceback (most recent call last):
  File "/home/airflow/.local/lib/python3.8/site-packages/airflow/models/dagbag.py", line 344, in parse
    loader.exec_module(new_module)
  File "<frozen importlib._bootstrap_external>", line 843, in exec_module
  File "<frozen importlib._bootstrap>", line 219, in _call_with_frames_removed
  File "/opt/airflow/dags/pipeline-weather-data.py", line 270, in <module>
    num_batches = int(Variable.get(f"{weather_data_type_extraction}_num_batches"))
  File "/home/airflow/.local/lib/python3.8/site-packages/airflow/models/variable.py", line 143, in get
    raise KeyError(f"Variable {key} does not exist")
KeyError: 'Variable actual_num_batches does not exist'
[2026-03-30T04:02:11.216+0000] {processor.py:842} WARNING - No viable dags retrieved from /opt/airflow/dags/pipeline-weather-data.py
[2026-03-30T04:02:11.223+0000] {processor.py:183} INFO - Processing /opt/airflow/dags/pipeline-weather-data.py took 0.797 seconds
[2026-03-30T04:02:41.582+0000] {processor.py:161} INFO - Started process (PID=220) to work on /opt/airflow/dags/pipeline-weather-data.py
[2026-03-30T04:02:41.583+0000] {processor.py:830} INFO - Processing file /opt/airflow/dags/pipeline-weather-data.py for tasks to queue
[2026-03-30T04:02:41.587+0000] {logging_mixin.py:188} INFO - [2026-03-30T04:02:41.586+0000] {dagbag.py:538} INFO - Filling up the DagBag from /opt/airflow/dags/pipeline-weather-data.py
[2026-03-30T04:02:42.209+0000] {logging_mixin.py:188} INFO - [2026-03-30T04:02:42.207+0000] {dagbag.py:348} ERROR - Failed to import: /opt/airflow/dags/pipeline-weather-data.py
Traceback (most recent call last):
  File "/home/airflow/.local/lib/python3.8/site-packages/airflow/models/dagbag.py", line 344, in parse
    loader.exec_module(new_module)
  File "<frozen importlib._bootstrap_external>", line 843, in exec_module
  File "<frozen importlib._bootstrap>", line 219, in _call_with_frames_removed
  File "/opt/airflow/dags/pipeline-weather-data.py", line 270, in <module>
    num_batches = int(Variable.get(f"{weather_data_type_extraction}_num_batches"))
  File "/home/airflow/.local/lib/python3.8/site-packages/airflow/models/variable.py", line 143, in get
    raise KeyError(f"Variable {key} does not exist")
KeyError: 'Variable actual_num_batches does not exist'
[2026-03-30T04:02:42.209+0000] {processor.py:842} WARNING - No viable dags retrieved from /opt/airflow/dags/pipeline-weather-data.py
[2026-03-30T04:02:42.217+0000] {processor.py:183} INFO - Processing /opt/airflow/dags/pipeline-weather-data.py took 0.653 seconds
[2026-03-30T04:03:12.500+0000] {processor.py:161} INFO - Started process (PID=228) to work on /opt/airflow/dags/pipeline-weather-data.py
[2026-03-30T04:03:12.501+0000] {processor.py:830} INFO - Processing file /opt/airflow/dags/pipeline-weather-data.py for tasks to queue
[2026-03-30T04:03:12.505+0000] {logging_mixin.py:188} INFO - [2026-03-30T04:03:12.504+0000] {dagbag.py:538} INFO - Filling up the DagBag from /opt/airflow/dags/pipeline-weather-data.py
[2026-03-30T04:03:13.137+0000] {logging_mixin.py:188} INFO - [2026-03-30T04:03:13.135+0000] {dagbag.py:348} ERROR - Failed to import: /opt/airflow/dags/pipeline-weather-data.py
Traceback (most recent call last):
  File "/home/airflow/.local/lib/python3.8/site-packages/airflow/models/dagbag.py", line 344, in parse
    loader.exec_module(new_module)
  File "<frozen importlib._bootstrap_external>", line 843, in exec_module
  File "<frozen importlib._bootstrap>", line 219, in _call_with_frames_removed
  File "/opt/airflow/dags/pipeline-weather-data.py", line 270, in <module>
    num_batches = int(Variable.get(f"{weather_data_type_extraction}_num_batches"))
  File "/home/airflow/.local/lib/python3.8/site-packages/airflow/models/variable.py", line 143, in get
    raise KeyError(f"Variable {key} does not exist")
KeyError: 'Variable actual_num_batches does not exist'
[2026-03-30T04:03:13.137+0000] {processor.py:842} WARNING - No viable dags retrieved from /opt/airflow/dags/pipeline-weather-data.py
[2026-03-30T04:03:13.143+0000] {processor.py:183} INFO - Processing /opt/airflow/dags/pipeline-weather-data.py took 0.649 seconds
[2026-03-30T04:03:43.439+0000] {processor.py:161} INFO - Started process (PID=236) to work on /opt/airflow/dags/pipeline-weather-data.py
[2026-03-30T04:03:43.441+0000] {processor.py:830} INFO - Processing file /opt/airflow/dags/pipeline-weather-data.py for tasks to queue
[2026-03-30T04:03:43.444+0000] {logging_mixin.py:188} INFO - [2026-03-30T04:03:43.444+0000] {dagbag.py:538} INFO - Filling up the DagBag from /opt/airflow/dags/pipeline-weather-data.py
[2026-03-30T04:03:43.988+0000] {logging_mixin.py:188} INFO - [2026-03-30T04:03:43.986+0000] {dagbag.py:348} ERROR - Failed to import: /opt/airflow/dags/pipeline-weather-data.py
Traceback (most recent call last):
  File "/home/airflow/.local/lib/python3.8/site-packages/airflow/models/dagbag.py", line 344, in parse
    loader.exec_module(new_module)
  File "<frozen importlib._bootstrap_external>", line 843, in exec_module
  File "<frozen importlib._bootstrap>", line 219, in _call_with_frames_removed
  File "/opt/airflow/dags/pipeline-weather-data.py", line 270, in <module>
    num_batches = int(Variable.get(f"{weather_data_type_extraction}_num_batches"))
  File "/home/airflow/.local/lib/python3.8/site-packages/airflow/models/variable.py", line 143, in get
    raise KeyError(f"Variable {key} does not exist")
KeyError: 'Variable actual_num_batches does not exist'
[2026-03-30T04:03:43.988+0000] {processor.py:842} WARNING - No viable dags retrieved from /opt/airflow/dags/pipeline-weather-data.py
[2026-03-30T04:03:43.995+0000] {processor.py:183} INFO - Processing /opt/airflow/dags/pipeline-weather-data.py took 0.565 seconds
[2026-03-30T04:04:14.246+0000] {processor.py:161} INFO - Started process (PID=244) to work on /opt/airflow/dags/pipeline-weather-data.py
[2026-03-30T04:04:14.248+0000] {processor.py:830} INFO - Processing file /opt/airflow/dags/pipeline-weather-data.py for tasks to queue
[2026-03-30T04:04:14.251+0000] {logging_mixin.py:188} INFO - [2026-03-30T04:04:14.251+0000] {dagbag.py:538} INFO - Filling up the DagBag from /opt/airflow/dags/pipeline-weather-data.py
[2026-03-30T04:04:14.646+0000] {logging_mixin.py:188} INFO - [2026-03-30T04:04:14.645+0000] {dagbag.py:348} ERROR - Failed to import: /opt/airflow/dags/pipeline-weather-data.py
Traceback (most recent call last):
  File "/home/airflow/.local/lib/python3.8/site-packages/airflow/models/dagbag.py", line 344, in parse
    loader.exec_module(new_module)
  File "<frozen importlib._bootstrap_external>", line 843, in exec_module
  File "<frozen importlib._bootstrap>", line 219, in _call_with_frames_removed
  File "/opt/airflow/dags/pipeline-weather-data.py", line 270, in <module>
    num_batches = int(Variable.get(f"{weather_data_type_extraction}_num_batches"))
  File "/home/airflow/.local/lib/python3.8/site-packages/airflow/models/variable.py", line 143, in get
    raise KeyError(f"Variable {key} does not exist")
KeyError: 'Variable actual_num_batches does not exist'
[2026-03-30T04:04:14.647+0000] {processor.py:842} WARNING - No viable dags retrieved from /opt/airflow/dags/pipeline-weather-data.py
[2026-03-30T04:04:14.660+0000] {processor.py:183} INFO - Processing /opt/airflow/dags/pipeline-weather-data.py took 0.417 seconds
[2026-03-30T04:04:44.960+0000] {processor.py:161} INFO - Started process (PID=252) to work on /opt/airflow/dags/pipeline-weather-data.py
[2026-03-30T04:04:44.962+0000] {processor.py:830} INFO - Processing file /opt/airflow/dags/pipeline-weather-data.py for tasks to queue
[2026-03-30T04:04:44.965+0000] {logging_mixin.py:188} INFO - [2026-03-30T04:04:44.964+0000] {dagbag.py:538} INFO - Filling up the DagBag from /opt/airflow/dags/pipeline-weather-data.py
[2026-03-30T04:04:45.355+0000] {processor.py:840} INFO - DAG(s) 'pipeline-wheater-data' retrieved from /opt/airflow/dags/pipeline-weather-data.py
[2026-03-30T04:04:45.523+0000] {logging_mixin.py:188} INFO - [2026-03-30T04:04:45.522+0000] {override.py:1769} INFO - Created Permission View: can edit on DAG:pipeline-wheater-data
[2026-03-30T04:04:45.528+0000] {logging_mixin.py:188} INFO - [2026-03-30T04:04:45.528+0000] {override.py:1769} INFO - Created Permission View: can delete on DAG:pipeline-wheater-data
[2026-03-30T04:04:45.531+0000] {logging_mixin.py:188} INFO - [2026-03-30T04:04:45.531+0000] {override.py:1769} INFO - Created Permission View: can read on DAG:pipeline-wheater-data
[2026-03-30T04:04:45.532+0000] {logging_mixin.py:188} INFO - [2026-03-30T04:04:45.531+0000] {dag.py:3033} INFO - Sync 1 DAGs
[2026-03-30T04:04:45.540+0000] {logging_mixin.py:188} INFO - [2026-03-30T04:04:45.540+0000] {dag.py:3055} INFO - Creating ORM DAG for pipeline-wheater-data
[2026-03-30T04:04:45.541+0000] {logging_mixin.py:188} INFO - [2026-03-30T04:04:45.541+0000] {dag.py:3820} INFO - Setting next_dagrun for pipeline-wheater-data to None, run_after=None
[2026-03-30T04:04:45.552+0000] {processor.py:183} INFO - Processing /opt/airflow/dags/pipeline-weather-data.py took 0.597 seconds
[2026-03-30T04:05:15.777+0000] {processor.py:161} INFO - Started process (PID=260) to work on /opt/airflow/dags/pipeline-weather-data.py
[2026-03-30T04:05:15.779+0000] {processor.py:830} INFO - Processing file /opt/airflow/dags/pipeline-weather-data.py for tasks to queue
[2026-03-30T04:05:15.782+0000] {logging_mixin.py:188} INFO - [2026-03-30T04:05:15.782+0000] {dagbag.py:538} INFO - Filling up the DagBag from /opt/airflow/dags/pipeline-weather-data.py
[2026-03-30T04:05:16.261+0000] {processor.py:840} INFO - DAG(s) 'pipeline-wheater-data' retrieved from /opt/airflow/dags/pipeline-weather-data.py
[2026-03-30T04:05:16.281+0000] {logging_mixin.py:188} INFO - [2026-03-30T04:05:16.280+0000] {dag.py:3033} INFO - Sync 1 DAGs
[2026-03-30T04:05:16.295+0000] {logging_mixin.py:188} INFO - [2026-03-30T04:05:16.295+0000] {dag.py:3820} INFO - Setting next_dagrun for pipeline-wheater-data to None, run_after=None
[2026-03-30T04:05:16.312+0000] {processor.py:183} INFO - Processing /opt/airflow/dags/pipeline-weather-data.py took 0.541 seconds
[2026-03-30T04:05:46.632+0000] {processor.py:161} INFO - Started process (PID=268) to work on /opt/airflow/dags/pipeline-weather-data.py
[2026-03-30T04:05:46.633+0000] {processor.py:830} INFO - Processing file /opt/airflow/dags/pipeline-weather-data.py for tasks to queue
[2026-03-30T04:05:46.636+0000] {logging_mixin.py:188} INFO - [2026-03-30T04:05:46.636+0000] {dagbag.py:538} INFO - Filling up the DagBag from /opt/airflow/dags/pipeline-weather-data.py
[2026-03-30T04:05:47.008+0000] {processor.py:840} INFO - DAG(s) 'pipeline-wheater-data' retrieved from /opt/airflow/dags/pipeline-weather-data.py
[2026-03-30T04:05:47.025+0000] {logging_mixin.py:188} INFO - [2026-03-30T04:05:47.024+0000] {dag.py:3033} INFO - Sync 1 DAGs
[2026-03-30T04:05:47.035+0000] {logging_mixin.py:188} INFO - [2026-03-30T04:05:47.035+0000] {dag.py:3820} INFO - Setting next_dagrun for pipeline-wheater-data to None, run_after=None
[2026-03-30T04:05:47.055+0000] {processor.py:183} INFO - Processing /opt/airflow/dags/pipeline-weather-data.py took 0.428 seconds
[2026-03-30T04:06:17.334+0000] {processor.py:161} INFO - Started process (PID=276) to work on /opt/airflow/dags/pipeline-weather-data.py
[2026-03-30T04:06:17.335+0000] {processor.py:830} INFO - Processing file /opt/airflow/dags/pipeline-weather-data.py for tasks to queue
[2026-03-30T04:06:17.340+0000] {logging_mixin.py:188} INFO - [2026-03-30T04:06:17.339+0000] {dagbag.py:538} INFO - Filling up the DagBag from /opt/airflow/dags/pipeline-weather-data.py
[2026-03-30T04:06:17.805+0000] {processor.py:840} INFO - DAG(s) 'pipeline-wheater-data' retrieved from /opt/airflow/dags/pipeline-weather-data.py
[2026-03-30T04:06:17.819+0000] {logging_mixin.py:188} INFO - [2026-03-30T04:06:17.819+0000] {dag.py:3033} INFO - Sync 1 DAGs
[2026-03-30T04:06:17.829+0000] {logging_mixin.py:188} INFO - [2026-03-30T04:06:17.829+0000] {dag.py:3820} INFO - Setting next_dagrun for pipeline-wheater-data to None, run_after=None
[2026-03-30T04:06:17.841+0000] {processor.py:183} INFO - Processing /opt/airflow/dags/pipeline-weather-data.py took 0.512 seconds
[2026-03-30T04:06:48.145+0000] {processor.py:161} INFO - Started process (PID=284) to work on /opt/airflow/dags/pipeline-weather-data.py
[2026-03-30T04:06:48.147+0000] {processor.py:830} INFO - Processing file /opt/airflow/dags/pipeline-weather-data.py for tasks to queue
[2026-03-30T04:06:48.155+0000] {logging_mixin.py:188} INFO - [2026-03-30T04:06:48.155+0000] {dagbag.py:538} INFO - Filling up the DagBag from /opt/airflow/dags/pipeline-weather-data.py
[2026-03-30T04:06:48.582+0000] {processor.py:840} INFO - DAG(s) 'pipeline-wheater-data' retrieved from /opt/airflow/dags/pipeline-weather-data.py
[2026-03-30T04:06:48.599+0000] {logging_mixin.py:188} INFO - [2026-03-30T04:06:48.599+0000] {dag.py:3033} INFO - Sync 1 DAGs
[2026-03-30T04:06:48.610+0000] {logging_mixin.py:188} INFO - [2026-03-30T04:06:48.610+0000] {dag.py:3820} INFO - Setting next_dagrun for pipeline-wheater-data to None, run_after=None
[2026-03-30T04:06:48.626+0000] {processor.py:183} INFO - Processing /opt/airflow/dags/pipeline-weather-data.py took 0.485 seconds
[2026-03-30T04:07:02.726+0000] {processor.py:161} INFO - Started process (PID=292) to work on /opt/airflow/dags/pipeline-weather-data.py
[2026-03-30T04:07:02.727+0000] {processor.py:830} INFO - Processing file /opt/airflow/dags/pipeline-weather-data.py for tasks to queue
[2026-03-30T04:07:02.731+0000] {logging_mixin.py:188} INFO - [2026-03-30T04:07:02.730+0000] {dagbag.py:538} INFO - Filling up the DagBag from /opt/airflow/dags/pipeline-weather-data.py
[2026-03-30T04:07:03.124+0000] {processor.py:840} INFO - DAG(s) 'pipeline-weather-data' retrieved from /opt/airflow/dags/pipeline-weather-data.py
[2026-03-30T04:07:03.247+0000] {logging_mixin.py:188} INFO - [2026-03-30T04:07:03.246+0000] {override.py:1769} INFO - Created Permission View: can edit on DAG:pipeline-weather-data
[2026-03-30T04:07:03.254+0000] {logging_mixin.py:188} INFO - [2026-03-30T04:07:03.254+0000] {override.py:1769} INFO - Created Permission View: can delete on DAG:pipeline-weather-data
[2026-03-30T04:07:03.259+0000] {logging_mixin.py:188} INFO - [2026-03-30T04:07:03.258+0000] {override.py:1769} INFO - Created Permission View: can read on DAG:pipeline-weather-data
[2026-03-30T04:07:03.259+0000] {logging_mixin.py:188} INFO - [2026-03-30T04:07:03.259+0000] {dag.py:3033} INFO - Sync 1 DAGs
[2026-03-30T04:07:03.271+0000] {logging_mixin.py:188} INFO - [2026-03-30T04:07:03.270+0000] {dag.py:3055} INFO - Creating ORM DAG for pipeline-weather-data
[2026-03-30T04:07:03.272+0000] {logging_mixin.py:188} INFO - [2026-03-30T04:07:03.272+0000] {dag.py:3820} INFO - Setting next_dagrun for pipeline-weather-data to None, run_after=None
[2026-03-30T04:07:03.284+0000] {processor.py:183} INFO - Processing /opt/airflow/dags/pipeline-weather-data.py took 0.563 seconds
[2026-03-30T04:07:33.599+0000] {processor.py:161} INFO - Started process (PID=300) to work on /opt/airflow/dags/pipeline-weather-data.py
[2026-03-30T04:07:33.602+0000] {processor.py:830} INFO - Processing file /opt/airflow/dags/pipeline-weather-data.py for tasks to queue
[2026-03-30T04:07:33.624+0000] {logging_mixin.py:188} INFO - [2026-03-30T04:07:33.621+0000] {dagbag.py:538} INFO - Filling up the DagBag from /opt/airflow/dags/pipeline-weather-data.py
[2026-03-30T04:07:34.057+0000] {processor.py:840} INFO - DAG(s) 'pipeline-weather-data' retrieved from /opt/airflow/dags/pipeline-weather-data.py
[2026-03-30T04:07:34.070+0000] {logging_mixin.py:188} INFO - [2026-03-30T04:07:34.070+0000] {dag.py:3033} INFO - Sync 1 DAGs
[2026-03-30T04:07:34.079+0000] {logging_mixin.py:188} INFO - [2026-03-30T04:07:34.079+0000] {dag.py:3820} INFO - Setting next_dagrun for pipeline-weather-data to None, run_after=None
[2026-03-30T04:07:34.095+0000] {processor.py:183} INFO - Processing /opt/airflow/dags/pipeline-weather-data.py took 0.501 seconds
[2026-03-30T04:08:04.237+0000] {processor.py:161} INFO - Started process (PID=308) to work on /opt/airflow/dags/pipeline-weather-data.py
[2026-03-30T04:08:04.238+0000] {processor.py:830} INFO - Processing file /opt/airflow/dags/pipeline-weather-data.py for tasks to queue
[2026-03-30T04:08:04.240+0000] {logging_mixin.py:188} INFO - [2026-03-30T04:08:04.240+0000] {dagbag.py:538} INFO - Filling up the DagBag from /opt/airflow/dags/pipeline-weather-data.py
[2026-03-30T04:08:04.542+0000] {processor.py:840} INFO - DAG(s) 'pipeline-weather-data' retrieved from /opt/airflow/dags/pipeline-weather-data.py
[2026-03-30T04:08:04.555+0000] {logging_mixin.py:188} INFO - [2026-03-30T04:08:04.554+0000] {dag.py:3033} INFO - Sync 1 DAGs
[2026-03-30T04:08:04.563+0000] {logging_mixin.py:188} INFO - [2026-03-30T04:08:04.563+0000] {dag.py:3820} INFO - Setting next_dagrun for pipeline-weather-data to None, run_after=None
[2026-03-30T04:08:04.576+0000] {processor.py:183} INFO - Processing /opt/airflow/dags/pipeline-weather-data.py took 0.343 seconds
[2026-03-30T04:08:34.886+0000] {processor.py:161} INFO - Started process (PID=316) to work on /opt/airflow/dags/pipeline-weather-data.py
[2026-03-30T04:08:34.887+0000] {processor.py:830} INFO - Processing file /opt/airflow/dags/pipeline-weather-data.py for tasks to queue
[2026-03-30T04:08:34.889+0000] {logging_mixin.py:188} INFO - [2026-03-30T04:08:34.888+0000] {dagbag.py:538} INFO - Filling up the DagBag from /opt/airflow/dags/pipeline-weather-data.py
[2026-03-30T04:08:35.329+0000] {processor.py:840} INFO - DAG(s) 'pipeline-weather-data' retrieved from /opt/airflow/dags/pipeline-weather-data.py
[2026-03-30T04:08:35.344+0000] {logging_mixin.py:188} INFO - [2026-03-30T04:08:35.344+0000] {dag.py:3033} INFO - Sync 1 DAGs
[2026-03-30T04:08:35.356+0000] {logging_mixin.py:188} INFO - [2026-03-30T04:08:35.356+0000] {dag.py:3820} INFO - Setting next_dagrun for pipeline-weather-data to None, run_after=None
[2026-03-30T04:08:35.370+0000] {processor.py:183} INFO - Processing /opt/airflow/dags/pipeline-weather-data.py took 0.499 seconds
[2026-03-30T04:09:05.683+0000] {processor.py:161} INFO - Started process (PID=324) to work on /opt/airflow/dags/pipeline-weather-data.py
[2026-03-30T04:09:05.684+0000] {processor.py:830} INFO - Processing file /opt/airflow/dags/pipeline-weather-data.py for tasks to queue
[2026-03-30T04:09:05.685+0000] {logging_mixin.py:188} INFO - [2026-03-30T04:09:05.685+0000] {dagbag.py:538} INFO - Filling up the DagBag from /opt/airflow/dags/pipeline-weather-data.py
[2026-03-30T04:09:05.989+0000] {processor.py:840} INFO - DAG(s) 'pipeline-weather-data' retrieved from /opt/airflow/dags/pipeline-weather-data.py
[2026-03-30T04:09:06.002+0000] {logging_mixin.py:188} INFO - [2026-03-30T04:09:06.002+0000] {dag.py:3033} INFO - Sync 1 DAGs
[2026-03-30T04:09:06.011+0000] {logging_mixin.py:188} INFO - [2026-03-30T04:09:06.011+0000] {dag.py:3820} INFO - Setting next_dagrun for pipeline-weather-data to None, run_after=None
[2026-03-30T04:09:06.023+0000] {processor.py:183} INFO - Processing /opt/airflow/dags/pipeline-weather-data.py took 0.345 seconds
[2026-03-30T04:09:36.284+0000] {processor.py:161} INFO - Started process (PID=332) to work on /opt/airflow/dags/pipeline-weather-data.py
[2026-03-30T04:09:36.286+0000] {processor.py:830} INFO - Processing file /opt/airflow/dags/pipeline-weather-data.py for tasks to queue
[2026-03-30T04:09:36.287+0000] {logging_mixin.py:188} INFO - [2026-03-30T04:09:36.286+0000] {dagbag.py:538} INFO - Filling up the DagBag from /opt/airflow/dags/pipeline-weather-data.py
[2026-03-30T04:09:36.705+0000] {processor.py:840} INFO - DAG(s) 'pipeline-weather-data' retrieved from /opt/airflow/dags/pipeline-weather-data.py
[2026-03-30T04:09:36.721+0000] {logging_mixin.py:188} INFO - [2026-03-30T04:09:36.720+0000] {dag.py:3033} INFO - Sync 1 DAGs
[2026-03-30T04:09:36.732+0000] {logging_mixin.py:188} INFO - [2026-03-30T04:09:36.732+0000] {dag.py:3820} INFO - Setting next_dagrun for pipeline-weather-data to None, run_after=None
[2026-03-30T04:09:36.748+0000] {processor.py:183} INFO - Processing /opt/airflow/dags/pipeline-weather-data.py took 0.469 seconds
[2026-03-30T04:10:07.021+0000] {processor.py:161} INFO - Started process (PID=340) to work on /opt/airflow/dags/pipeline-weather-data.py
[2026-03-30T04:10:07.022+0000] {processor.py:830} INFO - Processing file /opt/airflow/dags/pipeline-weather-data.py for tasks to queue
[2026-03-30T04:10:07.023+0000] {logging_mixin.py:188} INFO - [2026-03-30T04:10:07.023+0000] {dagbag.py:538} INFO - Filling up the DagBag from /opt/airflow/dags/pipeline-weather-data.py
[2026-03-30T04:10:07.330+0000] {processor.py:840} INFO - DAG(s) 'pipeline-weather-data' retrieved from /opt/airflow/dags/pipeline-weather-data.py
[2026-03-30T04:10:07.342+0000] {logging_mixin.py:188} INFO - [2026-03-30T04:10:07.341+0000] {dag.py:3033} INFO - Sync 1 DAGs
[2026-03-30T04:10:07.351+0000] {logging_mixin.py:188} INFO - [2026-03-30T04:10:07.351+0000] {dag.py:3820} INFO - Setting next_dagrun for pipeline-weather-data to None, run_after=None
[2026-03-30T04:10:07.361+0000] {processor.py:183} INFO - Processing /opt/airflow/dags/pipeline-weather-data.py took 0.344 seconds
[2026-03-30T04:10:37.634+0000] {processor.py:161} INFO - Started process (PID=348) to work on /opt/airflow/dags/pipeline-weather-data.py
[2026-03-30T04:10:37.635+0000] {processor.py:830} INFO - Processing file /opt/airflow/dags/pipeline-weather-data.py for tasks to queue
[2026-03-30T04:10:37.636+0000] {logging_mixin.py:188} INFO - [2026-03-30T04:10:37.635+0000] {dagbag.py:538} INFO - Filling up the DagBag from /opt/airflow/dags/pipeline-weather-data.py
[2026-03-30T04:10:38.008+0000] {processor.py:840} INFO - DAG(s) 'pipeline-weather-data' retrieved from /opt/airflow/dags/pipeline-weather-data.py
[2026-03-30T04:10:38.023+0000] {logging_mixin.py:188} INFO - [2026-03-30T04:10:38.023+0000] {dag.py:3033} INFO - Sync 1 DAGs
[2026-03-30T04:10:38.034+0000] {logging_mixin.py:188} INFO - [2026-03-30T04:10:38.034+0000] {dag.py:3820} INFO - Setting next_dagrun for pipeline-weather-data to None, run_after=None
[2026-03-30T04:10:38.048+0000] {processor.py:183} INFO - Processing /opt/airflow/dags/pipeline-weather-data.py took 0.419 seconds
