[2026-03-30T03:52:20.428+0000] {manager.py:469} INFO - Processing files using up to 2 processes at a time 
[2026-03-30T03:52:20.428+0000] {manager.py:470} INFO - Process each file at most once every 30 seconds
[2026-03-30T03:52:20.429+0000] {manager.py:471} INFO - Checking for new files in /opt/airflow/dags every 300 seconds
[2026-03-30T03:52:20.429+0000] {manager.py:738} INFO - Searching for files in /opt/airflow/dags
[2026-03-30T03:52:20.435+0000] {manager.py:741} INFO - There are 1 files in /opt/airflow/dags
[2026-03-30T03:52:21.285+0000] {manager.py:879} INFO - 
================================================================================
DAG File Processing Stats

File Path                                     PID  Runtime      # DAGs    # Errors  Last Runtime    Last Run
------------------------------------------  -----  ---------  --------  ----------  --------------  ----------
/opt/airflow/dags/pipeline-weather-data.py     55  0.03s             0           0
================================================================================
[2026-03-30T03:52:51.512+0000] {manager.py:879} INFO - 
================================================================================
DAG File Processing Stats

File Path                                   PID    Runtime      # DAGs    # Errors  Last Runtime    Last Run
------------------------------------------  -----  ---------  --------  ----------  --------------  -------------------
/opt/airflow/dags/pipeline-weather-data.py                           0           1  3.35s           2026-03-30T03:52:24
================================================================================
[2026-03-30T03:53:21.735+0000] {manager.py:879} INFO - 
================================================================================
DAG File Processing Stats

File Path                                   PID    Runtime      # DAGs    # Errors  Last Runtime    Last Run
------------------------------------------  -----  ---------  --------  ----------  --------------  -------------------
/opt/airflow/dags/pipeline-weather-data.py                           0           1  0.73s           2026-03-30T03:52:55
================================================================================
[2026-03-30T03:53:51.785+0000] {manager.py:879} INFO - 
================================================================================
DAG File Processing Stats

File Path                                   PID    Runtime      # DAGs    # Errors  Last Runtime    Last Run
------------------------------------------  -----  ---------  --------  ----------  --------------  -------------------
/opt/airflow/dags/pipeline-weather-data.py                           0           1  0.79s           2026-03-30T03:53:26
================================================================================
[2026-03-30T03:54:22.222+0000] {manager.py:879} INFO - 
================================================================================
DAG File Processing Stats

File Path                                   PID    Runtime      # DAGs    # Errors  Last Runtime    Last Run
------------------------------------------  -----  ---------  --------  ----------  --------------  -------------------
/opt/airflow/dags/pipeline-weather-data.py                           0           1  0.62s           2026-03-30T03:53:57
================================================================================
[2026-03-30T03:54:52.488+0000] {manager.py:879} INFO - 
================================================================================
DAG File Processing Stats

File Path                                   PID    Runtime      # DAGs    # Errors  Last Runtime    Last Run
------------------------------------------  -----  ---------  --------  ----------  --------------  -------------------
/opt/airflow/dags/pipeline-weather-data.py                           0           1  0.60s           2026-03-30T03:54:28
================================================================================
[2026-03-30T03:55:22.758+0000] {manager.py:879} INFO - 
================================================================================
DAG File Processing Stats

File Path                                   PID    Runtime      # DAGs    # Errors  Last Runtime    Last Run
------------------------------------------  -----  ---------  --------  ----------  --------------  -------------------
/opt/airflow/dags/pipeline-weather-data.py                           0           1  0.62s           2026-03-30T03:54:59
================================================================================
[2026-03-30T03:55:53.018+0000] {manager.py:879} INFO - 
================================================================================
DAG File Processing Stats

File Path                                   PID    Runtime      # DAGs    # Errors  Last Runtime    Last Run
------------------------------------------  -----  ---------  --------  ----------  --------------  -------------------
/opt/airflow/dags/pipeline-weather-data.py                           0           1  0.48s           2026-03-30T03:55:29
================================================================================
[2026-03-30T03:56:23.330+0000] {manager.py:879} INFO - 
================================================================================
DAG File Processing Stats

File Path                                   PID    Runtime      # DAGs    # Errors  Last Runtime    Last Run
------------------------------------------  -----  ---------  --------  ----------  --------------  -------------------
/opt/airflow/dags/pipeline-weather-data.py                           0           1  0.59s           2026-03-30T03:56:00
================================================================================
[2026-03-30T03:56:53.579+0000] {manager.py:879} INFO - 
================================================================================
DAG File Processing Stats

File Path                                   PID    Runtime      # DAGs    # Errors  Last Runtime    Last Run
------------------------------------------  -----  ---------  --------  ----------  --------------  -------------------
/opt/airflow/dags/pipeline-weather-data.py                           0           1  0.57s           2026-03-30T03:56:31
================================================================================
[2026-03-30T03:57:20.861+0000] {manager.py:738} INFO - Searching for files in /opt/airflow/dags
[2026-03-30T03:57:20.868+0000] {manager.py:741} INFO - There are 1 files in /opt/airflow/dags
[2026-03-30T03:57:23.916+0000] {manager.py:879} INFO - 
================================================================================
DAG File Processing Stats

File Path                                   PID    Runtime      # DAGs    # Errors  Last Runtime    Last Run
------------------------------------------  -----  ---------  --------  ----------  --------------  -------------------
/opt/airflow/dags/pipeline-weather-data.py                           0           1  0.46s           2026-03-30T03:57:02
================================================================================
[2026-03-30T03:57:54.162+0000] {manager.py:879} INFO - 
================================================================================
DAG File Processing Stats

File Path                                   PID    Runtime      # DAGs    # Errors  Last Runtime    Last Run
------------------------------------------  -----  ---------  --------  ----------  --------------  -------------------
/opt/airflow/dags/pipeline-weather-data.py                           0           1  0.73s           2026-03-30T03:57:33
================================================================================
[2026-03-30T03:58:24.394+0000] {manager.py:879} INFO - 
================================================================================
DAG File Processing Stats

File Path                                   PID    Runtime      # DAGs    # Errors  Last Runtime    Last Run
------------------------------------------  -----  ---------  --------  ----------  --------------  -------------------
/opt/airflow/dags/pipeline-weather-data.py                           0           1  0.47s           2026-03-30T03:58:03
================================================================================
[2026-03-30T03:58:54.656+0000] {manager.py:879} INFO - 
================================================================================
DAG File Processing Stats

File Path                                   PID    Runtime      # DAGs    # Errors  Last Runtime    Last Run
------------------------------------------  -----  ---------  --------  ----------  --------------  -------------------
/opt/airflow/dags/pipeline-weather-data.py                           0           1  0.73s           2026-03-30T03:58:34
================================================================================
[2026-03-30T03:59:25.036+0000] {manager.py:879} INFO - 
================================================================================
DAG File Processing Stats

File Path                                   PID    Runtime      # DAGs    # Errors  Last Runtime    Last Run
------------------------------------------  -----  ---------  --------  ----------  --------------  -------------------
/opt/airflow/dags/pipeline-weather-data.py                           0           1  0.44s           2026-03-30T03:59:05
================================================================================
[2026-03-30T03:59:55.295+0000] {manager.py:879} INFO - 
================================================================================
DAG File Processing Stats

File Path                                   PID    Runtime      # DAGs    # Errors  Last Runtime    Last Run
------------------------------------------  -----  ---------  --------  ----------  --------------  -------------------
/opt/airflow/dags/pipeline-weather-data.py                           0           1  0.74s           2026-03-30T03:59:36
================================================================================
[2026-03-30T04:00:25.331+0000] {manager.py:879} INFO - 
================================================================================
DAG File Processing Stats

File Path                                   PID    Runtime      # DAGs    # Errors  Last Runtime    Last Run
------------------------------------------  -----  ---------  --------  ----------  --------------  -------------------
/opt/airflow/dags/pipeline-weather-data.py                           0           1  0.75s           2026-03-30T04:00:07
================================================================================
[2026-03-30T04:00:55.414+0000] {manager.py:879} INFO - 
================================================================================
DAG File Processing Stats

File Path                                   PID    Runtime      # DAGs    # Errors  Last Runtime    Last Run
------------------------------------------  -----  ---------  --------  ----------  --------------  -------------------
/opt/airflow/dags/pipeline-weather-data.py                           0           1  0.82s           2026-03-30T04:00:38
================================================================================
[2026-03-30T04:01:26.024+0000] {manager.py:879} INFO - 
================================================================================
DAG File Processing Stats

File Path                                   PID    Runtime      # DAGs    # Errors  Last Runtime    Last Run
------------------------------------------  -----  ---------  --------  ----------  --------------  -------------------
/opt/airflow/dags/pipeline-weather-data.py                           0           1  0.70s           2026-03-30T04:01:09
================================================================================
[2026-03-30T04:01:56.273+0000] {manager.py:879} INFO - 
================================================================================
DAG File Processing Stats

File Path                                   PID    Runtime      # DAGs    # Errors  Last Runtime    Last Run
------------------------------------------  -----  ---------  --------  ----------  --------------  -------------------
/opt/airflow/dags/pipeline-weather-data.py                           0           1  0.64s           2026-03-30T04:01:40
================================================================================
[2026-03-30T04:02:21.332+0000] {manager.py:738} INFO - Searching for files in /opt/airflow/dags
[2026-03-30T04:02:21.339+0000] {manager.py:741} INFO - There are 1 files in /opt/airflow/dags
[2026-03-30T04:02:26.399+0000] {manager.py:879} INFO - 
================================================================================
DAG File Processing Stats

File Path                                   PID    Runtime      # DAGs    # Errors  Last Runtime    Last Run
------------------------------------------  -----  ---------  --------  ----------  --------------  -------------------
/opt/airflow/dags/pipeline-weather-data.py                           0           1  0.83s           2026-03-30T04:02:11
================================================================================
[2026-03-30T04:02:56.748+0000] {manager.py:879} INFO - 
================================================================================
DAG File Processing Stats

File Path                                   PID    Runtime      # DAGs    # Errors  Last Runtime    Last Run
------------------------------------------  -----  ---------  --------  ----------  --------------  -------------------
/opt/airflow/dags/pipeline-weather-data.py                           0           1  0.69s           2026-03-30T04:02:42
================================================================================
[2026-03-30T04:03:26.982+0000] {manager.py:879} INFO - 
================================================================================
DAG File Processing Stats

File Path                                   PID    Runtime      # DAGs    # Errors  Last Runtime    Last Run
------------------------------------------  -----  ---------  --------  ----------  --------------  -------------------
/opt/airflow/dags/pipeline-weather-data.py                           0           1  0.68s           2026-03-30T04:03:13
================================================================================
[2026-03-30T04:03:57.118+0000] {manager.py:879} INFO - 
================================================================================
DAG File Processing Stats

File Path                                   PID    Runtime      # DAGs    # Errors  Last Runtime    Last Run
------------------------------------------  -----  ---------  --------  ----------  --------------  -------------------
/opt/airflow/dags/pipeline-weather-data.py                           0           1  0.59s           2026-03-30T04:03:44
================================================================================
[2026-03-30T04:04:27.347+0000] {manager.py:879} INFO - 
================================================================================
DAG File Processing Stats

File Path                                   PID    Runtime      # DAGs    # Errors  Last Runtime    Last Run
------------------------------------------  -----  ---------  --------  ----------  --------------  -------------------
/opt/airflow/dags/pipeline-weather-data.py                           0           1  0.44s           2026-03-30T04:04:14
================================================================================
[2026-03-30T04:04:57.594+0000] {manager.py:879} INFO - 
================================================================================
DAG File Processing Stats

File Path                                   PID    Runtime      # DAGs    # Errors  Last Runtime    Last Run
------------------------------------------  -----  ---------  --------  ----------  --------------  -------------------
/opt/airflow/dags/pipeline-weather-data.py                           1           0  0.62s           2026-03-30T04:04:45
================================================================================
[2026-03-30T04:05:27.887+0000] {manager.py:879} INFO - 
================================================================================
DAG File Processing Stats

File Path                                   PID    Runtime      # DAGs    # Errors  Last Runtime    Last Run
------------------------------------------  -----  ---------  --------  ----------  --------------  -------------------
/opt/airflow/dags/pipeline-weather-data.py                           1           0  0.57s           2026-03-30T04:05:16
================================================================================
[2026-03-30T04:05:58.116+0000] {manager.py:879} INFO - 
================================================================================
DAG File Processing Stats

File Path                                   PID    Runtime      # DAGs    # Errors  Last Runtime    Last Run
------------------------------------------  -----  ---------  --------  ----------  --------------  -------------------
/opt/airflow/dags/pipeline-weather-data.py                           1           0  0.45s           2026-03-30T04:05:47
================================================================================
[2026-03-30T04:06:28.421+0000] {manager.py:879} INFO - 
================================================================================
DAG File Processing Stats

File Path                                   PID    Runtime      # DAGs    # Errors  Last Runtime    Last Run
------------------------------------------  -----  ---------  --------  ----------  --------------  -------------------
/opt/airflow/dags/pipeline-weather-data.py                           1           0  0.54s           2026-03-30T04:06:17
================================================================================
[2026-03-30T04:06:58.665+0000] {manager.py:879} INFO - 
================================================================================
DAG File Processing Stats

File Path                                   PID    Runtime      # DAGs    # Errors  Last Runtime    Last Run
------------------------------------------  -----  ---------  --------  ----------  --------------  -------------------
/opt/airflow/dags/pipeline-weather-data.py                           1           0  0.51s           2026-03-30T04:06:48
================================================================================
